<?xml version="1.0" encoding="UTF-8"?>
<!-- Generated by org.testng.reporters.JUnitReportReporter -->
<testsuite hostname="GWSRM13" name="tabSquare.Test1" tests="1" failures="0" timestamp="19 Jun 2022 11:17:04 GMT" time="24.738" errors="0">
  <testcase name="validateOrderIsCreatedSuccesfullyForThreeItems" time="24.738" classname="tabSquare.Test1"/>
</testsuite> <!-- tabSquare.Test1 -->
