<?xml version="1.0" encoding="UTF-8"?>
<!-- Generated by org.testng.reporters.JUnitReportReporter -->
<testsuite hostname="GWSRM13" name="tabSquare.Test1" tests="1" failures="0" timestamp="19 Jun 2022 11:00:53 GMT" time="19.040" errors="0">
  <testcase name="validateOrderIsCreatedSuccesfullyForThreeItems" time="19.040" classname="tabSquare.Test1"/>
</testsuite> <!-- tabSquare.Test1 -->
